<?xml version="1.0" encoding="UTF-8"?>
<!-- Generated by org.testng.reporters.JUnitXMLReporter -->
<testsuite ignored="0" hostname="DESKTOP-US5V72R" failures="1" tests="1" name="BlankFactorTest" time="11.649" errors="0" timestamp="2025-08-01T19:30:05 EDT">
  <testcase classname="com.automation.pages.BlankFactorRetirementTest" name="testRetirementTileFlip" time="6.129">
    <failure type="java.lang.AssertionError" message="Less than 3 tiles found! expected [true] but found [false]">
      <![CDATA[java.lang.AssertionError: Less than 3 tiles found! expected [true] but found [false]
at com.automation.pages.BlankFactorRetirementTest.getRetirementTileBackText(BlankFactorRetirementTest.java:67)
at com.automation.pages.BlankFactorRetirementTest.testRetirementTileFlip(BlankFactorRetirementTest.java:54)
at java.base/java.util.ArrayList.forEach(ArrayList.java:1511)
... Removed 34 stack frames]]>
    </failure>
  </testcase> <!-- testRetirementTileFlip -->
</testsuite> <!-- BlankFactorTest -->
